#
# There is insufficient memory for the Java Runtime Environment to continue.
# Native memory allocation (malloc) failed to allocate 729616 bytes for Chunk::new
# Possible reasons:
#   The system is out of physical RAM or swap space
#   The process is running with CompressedOops enabled, and the Java Heap may be blocking the growth of the native heap
# Possible solutions:
#   Reduce memory load on the system
#   Increase physical memory or swap space
#   Check if swap backing store is full
#   Decrease Java heap size (-Xmx/-Xms)
#   Decrease number of Java threads
#   Decrease Java thread stack sizes (-Xss)
#   Set larger code cache with -XX:ReservedCodeCacheSize=
#   JVM is running with Unscaled Compressed Oops mode in which the Java heap is
#     placed in the first 4GB address space. The Java Heap base address is the
#     maximum limit for the native heap growth. Please use -XX:HeapBaseMinAddress
#     to set the Java Heap base and to place the Java Heap above 4GB virtual address.
# This output file may be truncated or incomplete.
#
#  Out of Memory Error (./src/hotspot/share/memory/arena.cpp:197), pid=18112, tid=20012
#
# JRE version: OpenJDK Runtime Environment Corretto-11.0.17.8.1 (11.0.17+8) (build 11.0.17+8-LTS)
# Java VM: OpenJDK 64-Bit Server VM Corretto-11.0.17.8.1 (11.0.17+8-LTS, mixed mode, tiered, compressed oops, g1 gc, windows-amd64)
# No core dump will be written. Minidumps are not enabled by default on client versions of Windows
#

---------------  S U M M A R Y ------------

Command Line: --add-opens=java.base/java.util=ALL-UNNAMED --add-opens=java.base/java.lang=ALL-UNNAMED --add-opens=java.base/java.lang.invoke=ALL-UNNAMED --add-opens=java.base/java.util=ALL-UNNAMED --add-opens=java.prefs/java.util.prefs=ALL-UNNAMED --add-opens=java.prefs/java.util.prefs=ALL-UNNAMED --add-opens=java.base/java.nio.charset=ALL-UNNAMED --add-opens=java.base/java.net=ALL-UNNAMED --add-opens=java.base/java.util.concurrent.atomic=ALL-UNNAMED -XX:MaxMetaspaceSize=256m -XX:+HeapDumpOnOutOfMemoryError -Xms256m -Xmx512m -Dfile.encoding=GBK -Duser.country=CN -Duser.language=zh -Duser.variant org.gradle.launcher.daemon.bootstrap.GradleDaemon 7.5

Host: 12th Gen Intel(R) Core(TM) i5-12500H, 16 cores, 15G,  Windows 11 , 64 bit Build 22621 (10.0.22621.1485)
Time: Mon May  1 17:35:38 2023  Windows 11 , 64 bit Build 22621 (10.0.22621.1485) elapsed time: 1.489569 seconds (0d 0h 0m 1s)

---------------  T H R E A D  ---------------

Current thread (0x00000230bf646000):  JavaThread "C2 CompilerThread0" daemon [_thread_in_native, id=20012, stack(0x000000cdb9700000,0x000000cdb9800000)]


Current CompileTask:
C2:   1489 2132   !   4       java.lang.ClassLoader::loadClass (122 bytes)

Stack: [0x000000cdb9700000,0x000000cdb9800000]
Native frames: (J=compiled Java code, j=interpreted, Vv=VM code, C=native code)
V  [jvm.dll+0x61f66a]
V  [jvm.dll+0x7ac889]
V  [jvm.dll+0x7adf78]
V  [jvm.dll+0x7ae653]
V  [jvm.dll+0x24fbe8]
V  [jvm.dll+0xc262c]
V  [jvm.dll+0xc2bec]
V  [jvm.dll+0x2c1a64]
V  [jvm.dll+0x52e3cc]
V  [jvm.dll+0x21113b]
V  [jvm.dll+0x20aea4]
V  [jvm.dll+0x20806b]
V  [jvm.dll+0x18a3c1]
V  [jvm.dll+0x217894]
V  [jvm.dll+0x215adb]
V  [jvm.dll+0x76f380]
V  [jvm.dll+0x7682b4]
V  [jvm.dll+0x61e4d5]
C  [ucrtbase.dll+0x29363]
C  [KERNEL32.DLL+0x1269d]
C  [ntdll.dll+0x5a9f8]


---------------  P R O C E S S  ---------------

Threads class SMR info:
_java_thread_list=0x00000230c2ac3bd0, length=26, elements={
0x00000230a2afb000, 0x00000230beda9800, 0x00000230bf5d0800, 0x00000230bf642800,
0x00000230bf643800, 0x00000230bf645000, 0x00000230bf646000, 0x00000230bf649800,
0x00000230bf64c800, 0x00000230bf7a7000, 0x00000230bf7b8800, 0x00000230bf7ca800,
0x00000230bfab9800, 0x00000230c1cd0800, 0x00000230bf939000, 0x00000230bfab8800,
0x00000230bfa62000, 0x00000230c1ce2800, 0x00000230c2b32000, 0x00000230c2806000,
0x00000230c2c51800, 0x00000230bf92b800, 0x00000230c2945800, 0x00000230c1cc4800,
0x00000230c1cc3800, 0x00000230c1cc5800
}

Java Threads: ( => current thread )
  0x00000230a2afb000 JavaThread "main" [_thread_blocked, id=18884, stack(0x000000cdb8b00000,0x000000cdb8c00000)]
  0x00000230beda9800 JavaThread "Reference Handler" daemon [_thread_blocked, id=18480, stack(0x000000cdb9200000,0x000000cdb9300000)]
  0x00000230bf5d0800 JavaThread "Finalizer" daemon [_thread_blocked, id=16488, stack(0x000000cdb9300000,0x000000cdb9400000)]
  0x00000230bf642800 JavaThread "Signal Dispatcher" daemon [_thread_blocked, id=19824, stack(0x000000cdb9400000,0x000000cdb9500000)]
  0x00000230bf643800 JavaThread "Attach Listener" daemon [_thread_blocked, id=19556, stack(0x000000cdb9500000,0x000000cdb9600000)]
  0x00000230bf645000 JavaThread "Service Thread" daemon [_thread_blocked, id=19752, stack(0x000000cdb9600000,0x000000cdb9700000)]
=>0x00000230bf646000 JavaThread "C2 CompilerThread0" daemon [_thread_in_native, id=20012, stack(0x000000cdb9700000,0x000000cdb9800000)]
  0x00000230bf649800 JavaThread "C1 CompilerThread0" daemon [_thread_blocked, id=21756, stack(0x000000cdb9800000,0x000000cdb9900000)]
  0x00000230bf64c800 JavaThread "Sweeper thread" daemon [_thread_blocked, id=23524, stack(0x000000cdb9900000,0x000000cdb9a00000)]
  0x00000230bf7a7000 JavaThread "C1 CompilerThread1" daemon [_thread_blocked, id=23248, stack(0x000000cdb9a00000,0x000000cdb9b00000)]
  0x00000230bf7b8800 JavaThread "C1 CompilerThread2" daemon [_thread_blocked, id=13164, stack(0x000000cdb9b00000,0x000000cdb9c00000)]
  0x00000230bf7ca800 JavaThread "Common-Cleaner" daemon [_thread_blocked, id=16128, stack(0x000000cdb9c00000,0x000000cdb9d00000)]
  0x00000230bfab9800 JavaThread "C1 CompilerThread3" daemon [_thread_blocked, id=19668, stack(0x000000cdba700000,0x000000cdba800000)]
  0x00000230c1cd0800 JavaThread "Daemon health stats" [_thread_blocked, id=20136, stack(0x000000cdba800000,0x000000cdba900000)]
  0x00000230bf939000 JavaThread "Incoming local TCP Connector on port 42909" [_thread_in_native, id=17520, stack(0x000000cdb9e00000,0x000000cdb9f00000)]
  0x00000230bfab8800 JavaThread "Daemon periodic checks" [_thread_blocked, id=18708, stack(0x000000cdb9f00000,0x000000cdba000000)]
  0x00000230bfa62000 JavaThread "Daemon" [_thread_blocked, id=18288, stack(0x000000cdba000000,0x000000cdba100000)]
  0x00000230c1ce2800 JavaThread "Handler for socket connection from /127.0.0.1:42909 to /127.0.0.1:42910" [_thread_in_native, id=19736, stack(0x000000cdba100000,0x000000cdba200000)]
  0x00000230c2b32000 JavaThread "Cancel handler" [_thread_blocked, id=13316, stack(0x000000cdba900000,0x000000cdbaa00000)]
  0x00000230c2806000 JavaThread "Daemon worker" [_thread_in_vm, id=20492, stack(0x000000cdbaa00000,0x000000cdbab00000)]
  0x00000230c2c51800 JavaThread "Asynchronous log dispatcher for DefaultDaemonConnection: socket connection from /127.0.0.1:42909 to /127.0.0.1:42910" [_thread_blocked, id=19924, stack(0x000000cdbab00000,0x000000cdbac00000)]
  0x00000230bf92b800 JavaThread "Stdin handler" [_thread_blocked, id=20496, stack(0x000000cdbac00000,0x000000cdbad00000)]
  0x00000230c2945800 JavaThread "Daemon client event forwarder" [_thread_blocked, id=18496, stack(0x000000cdbad00000,0x000000cdbae00000)]
  0x00000230c1cc4800 JavaThread "Cache worker for journal cache (D:\dev_tools\gradle_repo\caches\journal-1)" [_thread_blocked, id=6524, stack(0x000000cdbae00000,0x000000cdbaf00000)]
  0x00000230c1cc3800 JavaThread "File lock request listener" [_thread_in_native, id=19604, stack(0x000000cdbaf00000,0x000000cdbb000000)]
  0x00000230c1cc5800 JavaThread "Cache worker for file hash cache (D:\dev_tools\gradle_repo\caches\7.5\fileHashes)" [_thread_blocked, id=2316, stack(0x000000cdbb900000,0x000000cdbba00000)]

Other Threads:
  0x00000230bedcd800 VMThread "VM Thread" [stack: 0x000000cdb9100000,0x000000cdb9200000] [id=6276]
  0x00000230bf811800 WatcherThread [stack: 0x000000cdb9d00000,0x000000cdb9e00000] [id=22340]
  0x00000230a2b16000 GCTaskThread "GC Thread#0" [stack: 0x000000cdb8c00000,0x000000cdb8d00000] [id=10964]
  0x00000230bfdfb000 GCTaskThread "GC Thread#1" [stack: 0x000000cdba200000,0x000000cdba300000] [id=5088]
  0x00000230c0d91800 GCTaskThread "GC Thread#2" [stack: 0x000000cdba300000,0x000000cdba400000] [id=19096]
  0x00000230bfd78800 GCTaskThread "GC Thread#3" [stack: 0x000000cdba400000,0x000000cdba500000] [id=21632]
  0x00000230c0f1b000 GCTaskThread "GC Thread#4" [stack: 0x000000cdba500000,0x000000cdba600000] [id=14204]
  0x00000230c035c800 GCTaskThread "GC Thread#5" [stack: 0x000000cdba600000,0x000000cdba700000] [id=23048]
  0x00000230c26ad000 GCTaskThread "GC Thread#6" [stack: 0x000000cdbb000000,0x000000cdbb100000] [id=17120]
  0x00000230c1dd6000 GCTaskThread "GC Thread#7" [stack: 0x000000cdbb100000,0x000000cdbb200000] [id=22664]
  0x00000230c2d94800 GCTaskThread "GC Thread#8" [stack: 0x000000cdbb200000,0x000000cdbb300000] [id=23408]
  0x00000230c2fbd800 GCTaskThread "GC Thread#9" [stack: 0x000000cdbb300000,0x000000cdbb400000] [id=3684]
  0x00000230c2167000 GCTaskThread "GC Thread#10" [stack: 0x000000cdbb400000,0x000000cdbb500000] [id=21020]
  0x00000230c28da000 GCTaskThread "GC Thread#11" [stack: 0x000000cdbb500000,0x000000cdbb600000] [id=5812]
  0x00000230c2a82000 GCTaskThread "GC Thread#12" [stack: 0x000000cdbb600000,0x000000cdbb700000] [id=11104]
  0x00000230a2b28000 ConcurrentGCThread "G1 Main Marker" [stack: 0x000000cdb8d00000,0x000000cdb8e00000] [id=20356]
  0x00000230a2b2a000 ConcurrentGCThread "G1 Conc#0" [stack: 0x000000cdb8e00000,0x000000cdb8f00000] [id=23144]
  0x00000230c0897800 ConcurrentGCThread "G1 Conc#1" [stack: 0x000000cdbb700000,0x000000cdbb800000] [id=12804]
  0x00000230c0d3f000 ConcurrentGCThread "G1 Conc#2" [stack: 0x000000cdbb800000,0x000000cdbb900000] [id=15884]
  0x00000230bec42800 ConcurrentGCThread "G1 Refine#0" [stack: 0x000000cdb8f00000,0x000000cdb9000000] [id=18340]
  0x00000230bec45800 ConcurrentGCThread "G1 Young RemSet Sampling" [stack: 0x000000cdb9000000,0x000000cdb9100000] [id=16936]

Threads with active compile tasks:
C2 CompilerThread0     1496 2132   !   4       java.lang.ClassLoader::loadClass (122 bytes)

VM state:not at safepoint (normal execution)

VM Mutex/Monitor currently owned by a thread: None

Heap address: 0x00000000e0000000, size: 512 MB, Compressed Oops mode: 32-bit
Narrow klass base: 0x0000000000000000, Narrow klass shift: 3
Compressed class space size: 260046848 Address: 0x0000000100000000

Heap:
 garbage-first heap   total 262144K, used 20124K [0x00000000e0000000, 0x0000000100000000)
  region size 1024K, 15 young (15360K), 11 survivors (11264K)
 Metaspace       used 21362K, capacity 21949K, committed 22192K, reserved 274432K
  class space    used 2604K, capacity 2797K, committed 2816K, reserved 253952K
Heap Regions: E=young(eden), S=young(survivor), O=old, HS=humongous(starts), HC=humongous(continues), CS=collection set, F=free, A=archive, TAMS=top-at-mark-start (previous, next)
|   0|0x00000000e0000000, 0x00000000e0000000, 0x00000000e0100000|  0%| F|  |TAMS 0x00000000e0000000, 0x00000000e0000000| Untracked 
|   1|0x00000000e0100000, 0x00000000e0100000, 0x00000000e0200000|  0%| F|  |TAMS 0x00000000e0100000, 0x00000000e0100000| Untracked 
|   2|0x00000000e0200000, 0x00000000e0200000, 0x00000000e0300000|  0%| F|  |TAMS 0x00000000e0200000, 0x00000000e0200000| Untracked 
|   3|0x00000000e0300000, 0x00000000e0400000, 0x00000000e0400000|100%|HS|  |TAMS 0x00000000e0400000, 0x00000000e0300000| Complete 
|   4|0x00000000e0400000, 0x00000000e0500000, 0x00000000e0500000|100%|HC|  |TAMS 0x00000000e0500000, 0x00000000e0400000| Complete 
|   5|0x00000000e0500000, 0x00000000e0600000, 0x00000000e0600000|100%|HC|  |TAMS 0x00000000e0600000, 0x00000000e0500000| Complete 
|   6|0x00000000e0600000, 0x00000000e0700000, 0x00000000e0700000|100%| O|  |TAMS 0x00000000e0700000, 0x00000000e0600000| Untracked 
|   7|0x00000000e0700000, 0x00000000e0800000, 0x00000000e0800000|100%| O|  |TAMS 0x00000000e0800000, 0x00000000e0700000| Untracked 
|   8|0x00000000e0800000, 0x00000000e0900000, 0x00000000e0900000|100%| O|  |TAMS 0x00000000e0900000, 0x00000000e0800000| Untracked 
|   9|0x00000000e0900000, 0x00000000e093dc00, 0x00000000e0a00000| 24%| O|  |TAMS 0x00000000e093dc00, 0x00000000e0900000| Untracked 
|  10|0x00000000e0a00000, 0x00000000e0a00000, 0x00000000e0b00000|  0%| F|  |TAMS 0x00000000e0a00000, 0x00000000e0a00000| Untracked 
|  11|0x00000000e0b00000, 0x00000000e0b00000, 0x00000000e0c00000|  0%| F|  |TAMS 0x00000000e0b00000, 0x00000000e0b00000| Untracked 
|  12|0x00000000e0c00000, 0x00000000e0c00000, 0x00000000e0d00000|  0%| F|  |TAMS 0x00000000e0c00000, 0x00000000e0c00000| Untracked 
|  13|0x00000000e0d00000, 0x00000000e0d00000, 0x00000000e0e00000|  0%| F|  |TAMS 0x00000000e0d00000, 0x00000000e0d00000| Untracked 
|  14|0x00000000e0e00000, 0x00000000e0e00000, 0x00000000e0f00000|  0%| F|  |TAMS 0x00000000e0e00000, 0x00000000e0e00000| Untracked 
|  15|0x00000000e0f00000, 0x00000000e0f00000, 0x00000000e1000000|  0%| F|  |TAMS 0x00000000e0f00000, 0x00000000e0f00000| Untracked 
|  16|0x00000000e1000000, 0x00000000e1000000, 0x00000000e1100000|  0%| F|  |TAMS 0x00000000e1000000, 0x00000000e1000000| Untracked 
|  17|0x00000000e1100000, 0x00000000e1100000, 0x00000000e1200000|  0%| F|  |TAMS 0x00000000e1100000, 0x00000000e1100000| Untracked 
|  18|0x00000000e1200000, 0x00000000e1200000, 0x00000000e1300000|  0%| F|  |TAMS 0x00000000e1200000, 0x00000000e1200000| Untracked 
|  19|0x00000000e1300000, 0x00000000e1300000, 0x00000000e1400000|  0%| F|  |TAMS 0x00000000e1300000, 0x00000000e1300000| Untracked 
|  20|0x00000000e1400000, 0x00000000e1400000, 0x00000000e1500000|  0%| F|  |TAMS 0x00000000e1400000, 0x00000000e1400000| Untracked 
|  21|0x00000000e1500000, 0x00000000e1500000, 0x00000000e1600000|  0%| F|  |TAMS 0x00000000e1500000, 0x00000000e1500000| Untracked 
|  22|0x00000000e1600000, 0x00000000e1600000, 0x00000000e1700000|  0%| F|  |TAMS 0x00000000e1600000, 0x00000000e1600000| Untracked 
|  23|0x00000000e1700000, 0x00000000e1700000, 0x00000000e1800000|  0%| F|  |TAMS 0x00000000e1700000, 0x00000000e1700000| Untracked 
|  24|0x00000000e1800000, 0x00000000e1800000, 0x00000000e1900000|  0%| F|  |TAMS 0x00000000e1800000, 0x00000000e1800000| Untracked 
|  25|0x00000000e1900000, 0x00000000e1900000, 0x00000000e1a00000|  0%| F|  |TAMS 0x00000000e1900000, 0x00000000e1900000| Untracked 
|  26|0x00000000e1a00000, 0x00000000e1a00000, 0x00000000e1b00000|  0%| F|  |TAMS 0x00000000e1a00000, 0x00000000e1a00000| Untracked 
|  27|0x00000000e1b00000, 0x00000000e1b00000, 0x00000000e1c00000|  0%| F|  |TAMS 0x00000000e1b00000, 0x00000000e1b00000| Untracked 
|  28|0x00000000e1c00000, 0x00000000e1c00000, 0x00000000e1d00000|  0%| F|  |TAMS 0x00000000e1c00000, 0x00000000e1c00000| Untracked 
|  29|0x00000000e1d00000, 0x00000000e1d00000, 0x00000000e1e00000|  0%| F|  |TAMS 0x00000000e1d00000, 0x00000000e1d00000| Untracked 
|  30|0x00000000e1e00000, 0x00000000e1e00000, 0x00000000e1f00000|  0%| F|  |TAMS 0x00000000e1e00000, 0x00000000e1e00000| Untracked 
|  31|0x00000000e1f00000, 0x00000000e1f00000, 0x00000000e2000000|  0%| F|  |TAMS 0x00000000e1f00000, 0x00000000e1f00000| Untracked 
|  32|0x00000000e2000000, 0x00000000e2000000, 0x00000000e2100000|  0%| F|  |TAMS 0x00000000e2000000, 0x00000000e2000000| Untracked 
|  33|0x00000000e2100000, 0x00000000e2100000, 0x00000000e2200000|  0%| F|  |TAMS 0x00000000e2100000, 0x00000000e2100000| Untracked 
|  34|0x00000000e2200000, 0x00000000e2200000, 0x00000000e2300000|  0%| F|  |TAMS 0x00000000e2200000, 0x00000000e2200000| Untracked 
|  35|0x00000000e2300000, 0x00000000e2300000, 0x00000000e2400000|  0%| F|  |TAMS 0x00000000e2300000, 0x00000000e2300000| Untracked 
|  36|0x00000000e2400000, 0x00000000e2400000, 0x00000000e2500000|  0%| F|  |TAMS 0x00000000e2400000, 0x00000000e2400000| Untracked 
|  37|0x00000000e2500000, 0x00000000e2500000, 0x00000000e2600000|  0%| F|  |TAMS 0x00000000e2500000, 0x00000000e2500000| Untracked 
|  38|0x00000000e2600000, 0x00000000e2600000, 0x00000000e2700000|  0%| F|  |TAMS 0x00000000e2600000, 0x00000000e2600000| Untracked 
|  39|0x00000000e2700000, 0x00000000e2700000, 0x00000000e2800000|  0%| F|  |TAMS 0x00000000e2700000, 0x00000000e2700000| Untracked 
|  40|0x00000000e2800000, 0x00000000e2800000, 0x00000000e2900000|  0%| F|  |TAMS 0x00000000e2800000, 0x00000000e2800000| Untracked 
|  41|0x00000000e2900000, 0x00000000e2900000, 0x00000000e2a00000|  0%| F|  |TAMS 0x00000000e2900000, 0x00000000e2900000| Untracked 
|  42|0x00000000e2a00000, 0x00000000e2a00000, 0x00000000e2b00000|  0%| F|  |TAMS 0x00000000e2a00000, 0x00000000e2a00000| Untracked 
|  43|0x00000000e2b00000, 0x00000000e2b00000, 0x00000000e2c00000|  0%| F|  |TAMS 0x00000000e2b00000, 0x00000000e2b00000| Untracked 
|  44|0x00000000e2c00000, 0x00000000e2c00000, 0x00000000e2d00000|  0%| F|  |TAMS 0x00000000e2c00000, 0x00000000e2c00000| Untracked 
|  45|0x00000000e2d00000, 0x00000000e2d00000, 0x00000000e2e00000|  0%| F|  |TAMS 0x00000000e2d00000, 0x00000000e2d00000| Untracked 
|  46|0x00000000e2e00000, 0x00000000e2e00000, 0x00000000e2f00000|  0%| F|  |TAMS 0x00000000e2e00000, 0x00000000e2e00000| Untracked 
|  47|0x00000000e2f00000, 0x00000000e2f00000, 0x00000000e3000000|  0%| F|  |TAMS 0x00000000e2f00000, 0x00000000e2f00000| Untracked 
|  48|0x00000000e3000000, 0x00000000e3000000, 0x00000000e3100000|  0%| F|  |TAMS 0x00000000e3000000, 0x00000000e3000000| Untracked 
|  49|0x00000000e3100000, 0x00000000e3100000, 0x00000000e3200000|  0%| F|  |TAMS 0x00000000e3100000, 0x00000000e3100000| Untracked 
|  50|0x00000000e3200000, 0x00000000e3200000, 0x00000000e3300000|  0%| F|  |TAMS 0x00000000e3200000, 0x00000000e3200000| Untracked 
|  51|0x00000000e3300000, 0x00000000e3300000, 0x00000000e3400000|  0%| F|  |TAMS 0x00000000e3300000, 0x00000000e3300000| Untracked 
|  52|0x00000000e3400000, 0x00000000e3400000, 0x00000000e3500000|  0%| F|  |TAMS 0x00000000e3400000, 0x00000000e3400000| Untracked 
|  53|0x00000000e3500000, 0x00000000e3500000, 0x00000000e3600000|  0%| F|  |TAMS 0x00000000e3500000, 0x00000000e3500000| Untracked 
|  54|0x00000000e3600000, 0x00000000e3600000, 0x00000000e3700000|  0%| F|  |TAMS 0x00000000e3600000, 0x00000000e3600000| Untracked 
|  55|0x00000000e3700000, 0x00000000e3700000, 0x00000000e3800000|  0%| F|  |TAMS 0x00000000e3700000, 0x00000000e3700000| Untracked 
|  56|0x00000000e3800000, 0x00000000e3800000, 0x00000000e3900000|  0%| F|  |TAMS 0x00000000e3800000, 0x00000000e3800000| Untracked 
|  57|0x00000000e3900000, 0x00000000e3900000, 0x00000000e3a00000|  0%| F|  |TAMS 0x00000000e3900000, 0x00000000e3900000| Untracked 
|  58|0x00000000e3a00000, 0x00000000e3a00000, 0x00000000e3b00000|  0%| F|  |TAMS 0x00000000e3a00000, 0x00000000e3a00000| Untracked 
|  59|0x00000000e3b00000, 0x00000000e3b00000, 0x00000000e3c00000|  0%| F|  |TAMS 0x00000000e3b00000, 0x00000000e3b00000| Untracked 
|  60|0x00000000e3c00000, 0x00000000e3c00000, 0x00000000e3d00000|  0%| F|  |TAMS 0x00000000e3c00000, 0x00000000e3c00000| Untracked 
|  61|0x00000000e3d00000, 0x00000000e3d00000, 0x00000000e3e00000|  0%| F|  |TAMS 0x00000000e3d00000, 0x00000000e3d00000| Untracked 
|  62|0x00000000e3e00000, 0x00000000e3e00000, 0x00000000e3f00000|  0%| F|  |TAMS 0x00000000e3e00000, 0x00000000e3e00000| Untracked 
|  63|0x00000000e3f00000, 0x00000000e3f00000, 0x00000000e4000000|  0%| F|  |TAMS 0x00000000e3f00000, 0x00000000e3f00000| Untracked 
|  64|0x00000000e4000000, 0x00000000e4000000, 0x00000000e4100000|  0%| F|  |TAMS 0x00000000e4000000, 0x00000000e4000000| Untracked 
|  65|0x00000000e4100000, 0x00000000e4100000, 0x00000000e4200000|  0%| F|  |TAMS 0x00000000e4100000, 0x00000000e4100000| Untracked 
|  66|0x00000000e4200000, 0x00000000e4200000, 0x00000000e4300000|  0%| F|  |TAMS 0x00000000e4200000, 0x00000000e4200000| Untracked 
|  67|0x00000000e4300000, 0x00000000e4300000, 0x00000000e4400000|  0%| F|  |TAMS 0x00000000e4300000, 0x00000000e4300000| Untracked 
|  68|0x00000000e4400000, 0x00000000e4400000, 0x00000000e4500000|  0%| F|  |TAMS 0x00000000e4400000, 0x00000000e4400000| Untracked 
|  69|0x00000000e4500000, 0x00000000e4500000, 0x00000000e4600000|  0%| F|  |TAMS 0x00000000e4500000, 0x00000000e4500000| Untracked 
|  70|0x00000000e4600000, 0x00000000e4600000, 0x00000000e4700000|  0%| F|  |TAMS 0x00000000e4600000, 0x00000000e4600000| Untracked 
|  71|0x00000000e4700000, 0x00000000e4700000, 0x00000000e4800000|  0%| F|  |TAMS 0x00000000e4700000, 0x00000000e4700000| Untracked 
|  72|0x00000000e4800000, 0x00000000e4800000, 0x00000000e4900000|  0%| F|  |TAMS 0x00000000e4800000, 0x00000000e4800000| Untracked 
|  73|0x00000000e4900000, 0x00000000e4900000, 0x00000000e4a00000|  0%| F|  |TAMS 0x00000000e4900000, 0x00000000e4900000| Untracked 
|  74|0x00000000e4a00000, 0x00000000e4a00000, 0x00000000e4b00000|  0%| F|  |TAMS 0x00000000e4a00000, 0x00000000e4a00000| Untracked 
|  75|0x00000000e4b00000, 0x00000000e4b00000, 0x00000000e4c00000|  0%| F|  |TAMS 0x00000000e4b00000, 0x00000000e4b00000| Untracked 
|  76|0x00000000e4c00000, 0x00000000e4c00000, 0x00000000e4d00000|  0%| F|  |TAMS 0x00000000e4c00000, 0x00000000e4c00000| Untracked 
|  77|0x00000000e4d00000, 0x00000000e4d00000, 0x00000000e4e00000|  0%| F|  |TAMS 0x00000000e4d00000, 0x00000000e4d00000| Untracked 
|  78|0x00000000e4e00000, 0x00000000e4e00000, 0x00000000e4f00000|  0%| F|  |TAMS 0x00000000e4e00000, 0x00000000e4e00000| Untracked 
|  79|0x00000000e4f00000, 0x00000000e4f00000, 0x00000000e5000000|  0%| F|  |TAMS 0x00000000e4f00000, 0x00000000e4f00000| Untracked 
|  80|0x00000000e5000000, 0x00000000e5000000, 0x00000000e5100000|  0%| F|  |TAMS 0x00000000e5000000, 0x00000000e5000000| Untracked 
|  81|0x00000000e5100000, 0x00000000e5100000, 0x00000000e5200000|  0%| F|  |TAMS 0x00000000e5100000, 0x00000000e5100000| Untracked 
|  82|0x00000000e5200000, 0x00000000e5200000, 0x00000000e5300000|  0%| F|  |TAMS 0x00000000e5200000, 0x00000000e5200000| Untracked 
|  83|0x00000000e5300000, 0x00000000e5300000, 0x00000000e5400000|  0%| F|  |TAMS 0x00000000e5300000, 0x00000000e5300000| Untracked 
|  84|0x00000000e5400000, 0x00000000e5400000, 0x00000000e5500000|  0%| F|  |TAMS 0x00000000e5400000, 0x00000000e5400000| Untracked 
|  85|0x00000000e5500000, 0x00000000e5500000, 0x00000000e5600000|  0%| F|  |TAMS 0x00000000e5500000, 0x00000000e5500000| Untracked 
|  86|0x00000000e5600000, 0x00000000e5600000, 0x00000000e5700000|  0%| F|  |TAMS 0x00000000e5600000, 0x00000000e5600000| Untracked 
|  87|0x00000000e5700000, 0x00000000e5700000, 0x00000000e5800000|  0%| F|  |TAMS 0x00000000e5700000, 0x00000000e5700000| Untracked 
|  88|0x00000000e5800000, 0x00000000e5800000, 0x00000000e5900000|  0%| F|  |TAMS 0x00000000e5800000, 0x00000000e5800000| Untracked 
|  89|0x00000000e5900000, 0x00000000e5900000, 0x00000000e5a00000|  0%| F|  |TAMS 0x00000000e5900000, 0x00000000e5900000| Untracked 
|  90|0x00000000e5a00000, 0x00000000e5a00000, 0x00000000e5b00000|  0%| F|  |TAMS 0x00000000e5a00000, 0x00000000e5a00000| Untracked 
|  91|0x00000000e5b00000, 0x00000000e5b00000, 0x00000000e5c00000|  0%| F|  |TAMS 0x00000000e5b00000, 0x00000000e5b00000| Untracked 
|  92|0x00000000e5c00000, 0x00000000e5c00000, 0x00000000e5d00000|  0%| F|  |TAMS 0x00000000e5c00000, 0x00000000e5c00000| Untracked 
|  93|0x00000000e5d00000, 0x00000000e5d00000, 0x00000000e5e00000|  0%| F|  |TAMS 0x00000000e5d00000, 0x00000000e5d00000| Untracked 
|  94|0x00000000e5e00000, 0x00000000e5e00000, 0x00000000e5f00000|  0%| F|  |TAMS 0x00000000e5e00000, 0x00000000e5e00000| Untracked 
|  95|0x00000000e5f00000, 0x00000000e5f00000, 0x00000000e6000000|  0%| F|  |TAMS 0x00000000e5f00000, 0x00000000e5f00000| Untracked 
|  96|0x00000000e6000000, 0x00000000e6000000, 0x00000000e6100000|  0%| F|  |TAMS 0x00000000e6000000, 0x00000000e6000000| Untracked 
|  97|0x00000000e6100000, 0x00000000e6100000, 0x00000000e6200000|  0%| F|  |TAMS 0x00000000e6100000, 0x00000000e6100000| Untracked 
|  98|0x00000000e6200000, 0x00000000e6200000, 0x00000000e6300000|  0%| F|  |TAMS 0x00000000e6200000, 0x00000000e6200000| Untracked 
|  99|0x00000000e6300000, 0x00000000e6300000, 0x00000000e6400000|  0%| F|  |TAMS 0x00000000e6300000, 0x00000000e6300000| Untracked 
| 100|0x00000000e6400000, 0x00000000e6400000, 0x00000000e6500000|  0%| F|  |TAMS 0x00000000e6400000, 0x00000000e6400000| Untracked 
| 101|0x00000000e6500000, 0x00000000e6500000, 0x00000000e6600000|  0%| F|  |TAMS 0x00000000e6500000, 0x00000000e6500000| Untracked 
| 102|0x00000000e6600000, 0x00000000e6600000, 0x00000000e6700000|  0%| F|  |TAMS 0x00000000e6600000, 0x00000000e6600000| Untracked 
| 103|0x00000000e6700000, 0x00000000e6700000, 0x00000000e6800000|  0%| F|  |TAMS 0x00000000e6700000, 0x00000000e6700000| Untracked 
| 104|0x00000000e6800000, 0x00000000e6800000, 0x00000000e6900000|  0%| F|  |TAMS 0x00000000e6800000, 0x00000000e6800000| Untracked 
| 105|0x00000000e6900000, 0x00000000e6900000, 0x00000000e6a00000|  0%| F|  |TAMS 0x00000000e6900000, 0x00000000e6900000| Untracked 
| 106|0x00000000e6a00000, 0x00000000e6a00000, 0x00000000e6b00000|  0%| F|  |TAMS 0x00000000e6a00000, 0x00000000e6a00000| Untracked 
| 107|0x00000000e6b00000, 0x00000000e6b00000, 0x00000000e6c00000|  0%| F|  |TAMS 0x00000000e6b00000, 0x00000000e6b00000| Untracked 
| 108|0x00000000e6c00000, 0x00000000e6c00000, 0x00000000e6d00000|  0%| F|  |TAMS 0x00000000e6c00000, 0x00000000e6c00000| Untracked 
| 109|0x00000000e6d00000, 0x00000000e6d00000, 0x00000000e6e00000|  0%| F|  |TAMS 0x00000000e6d00000, 0x00000000e6d00000| Untracked 
| 110|0x00000000e6e00000, 0x00000000e6e00000, 0x00000000e6f00000|  0%| F|  |TAMS 0x00000000e6e00000, 0x00000000e6e00000| Untracked 
| 111|0x00000000e6f00000, 0x00000000e6f00000, 0x00000000e7000000|  0%| F|  |TAMS 0x00000000e6f00000, 0x00000000e6f00000| Untracked 
| 112|0x00000000e7000000, 0x00000000e7000000, 0x00000000e7100000|  0%| F|  |TAMS 0x00000000e7000000, 0x00000000e7000000| Untracked 
| 113|0x00000000e7100000, 0x00000000e7100000, 0x00000000e7200000|  0%| F|  |TAMS 0x00000000e7100000, 0x00000000e7100000| Untracked 
| 114|0x00000000e7200000, 0x00000000e7200000, 0x00000000e7300000|  0%| F|  |TAMS 0x00000000e7200000, 0x00000000e7200000| Untracked 
| 115|0x00000000e7300000, 0x00000000e7300000, 0x00000000e7400000|  0%| F|  |TAMS 0x00000000e7300000, 0x00000000e7300000| Untracked 
| 116|0x00000000e7400000, 0x00000000e7400000, 0x00000000e7500000|  0%| F|  |TAMS 0x00000000e7400000, 0x00000000e7400000| Untracked 
| 117|0x00000000e7500000, 0x00000000e7500000, 0x00000000e7600000|  0%| F|  |TAMS 0x00000000e7500000, 0x00000000e7500000| Untracked 
| 118|0x00000000e7600000, 0x00000000e7600000, 0x00000000e7700000|  0%| F|  |TAMS 0x00000000e7600000, 0x00000000e7600000| Untracked 
| 119|0x00000000e7700000, 0x00000000e7700000, 0x00000000e7800000|  0%| F|  |TAMS 0x00000000e7700000, 0x00000000e7700000| Untracked 
| 120|0x00000000e7800000, 0x00000000e7800000, 0x00000000e7900000|  0%| F|  |TAMS 0x00000000e7800000, 0x00000000e7800000| Untracked 
| 121|0x00000000e7900000, 0x00000000e7900000, 0x00000000e7a00000|  0%| F|  |TAMS 0x00000000e7900000, 0x00000000e7900000| Untracked 
| 122|0x00000000e7a00000, 0x00000000e7a00000, 0x00000000e7b00000|  0%| F|  |TAMS 0x00000000e7a00000, 0x00000000e7a00000| Untracked 
| 123|0x00000000e7b00000, 0x00000000e7b00000, 0x00000000e7c00000|  0%| F|  |TAMS 0x00000000e7b00000, 0x00000000e7b00000| Untracked 
| 124|0x00000000e7c00000, 0x00000000e7c00000, 0x00000000e7d00000|  0%| F|  |TAMS 0x00000000e7c00000, 0x00000000e7c00000| Untracked 
| 125|0x00000000e7d00000, 0x00000000e7d00000, 0x00000000e7e00000|  0%| F|  |TAMS 0x00000000e7d00000, 0x00000000e7d00000| Untracked 
| 126|0x00000000e7e00000, 0x00000000e7e00000, 0x00000000e7f00000|  0%| F|  |TAMS 0x00000000e7e00000, 0x00000000e7e00000| Untracked 
| 127|0x00000000e7f00000, 0x00000000e7f00000, 0x00000000e8000000|  0%| F|  |TAMS 0x00000000e7f00000, 0x00000000e7f00000| Untracked 
| 128|0x00000000e8000000, 0x00000000e8000000, 0x00000000e8100000|  0%| F|  |TAMS 0x00000000e8000000, 0x00000000e8000000| Untracked 
| 129|0x00000000e8100000, 0x00000000e8100000, 0x00000000e8200000|  0%| F|  |TAMS 0x00000000e8100000, 0x00000000e8100000| Untracked 
| 130|0x00000000e8200000, 0x00000000e8200000, 0x00000000e8300000|  0%| F|  |TAMS 0x00000000e8200000, 0x00000000e8200000| Untracked 
| 131|0x00000000e8300000, 0x00000000e8300000, 0x00000000e8400000|  0%| F|  |TAMS 0x00000000e8300000, 0x00000000e8300000| Untracked 
| 132|0x00000000e8400000, 0x00000000e8400000, 0x00000000e8500000|  0%| F|  |TAMS 0x00000000e8400000, 0x00000000e8400000| Untracked 
| 133|0x00000000e8500000, 0x00000000e8500000, 0x00000000e8600000|  0%| F|  |TAMS 0x00000000e8500000, 0x00000000e8500000| Untracked 
| 134|0x00000000e8600000, 0x00000000e8600000, 0x00000000e8700000|  0%| F|  |TAMS 0x00000000e8600000, 0x00000000e8600000| Untracked 
| 135|0x00000000e8700000, 0x00000000e8700000, 0x00000000e8800000|  0%| F|  |TAMS 0x00000000e8700000, 0x00000000e8700000| Untracked 
| 136|0x00000000e8800000, 0x00000000e8800000, 0x00000000e8900000|  0%| F|  |TAMS 0x00000000e8800000, 0x00000000e8800000| Untracked 
| 137|0x00000000e8900000, 0x00000000e8900000, 0x00000000e8a00000|  0%| F|  |TAMS 0x00000000e8900000, 0x00000000e8900000| Untracked 
| 138|0x00000000e8a00000, 0x00000000e8a00000, 0x00000000e8b00000|  0%| F|  |TAMS 0x00000000e8a00000, 0x00000000e8a00000| Untracked 
| 139|0x00000000e8b00000, 0x00000000e8b00000, 0x00000000e8c00000|  0%| F|  |TAMS 0x00000000e8b00000, 0x00000000e8b00000| Untracked 
| 140|0x00000000e8c00000, 0x00000000e8c00000, 0x00000000e8d00000|  0%| F|  |TAMS 0x00000000e8c00000, 0x00000000e8c00000| Untracked 
| 141|0x00000000e8d00000, 0x00000000e8d00000, 0x00000000e8e00000|  0%| F|  |TAMS 0x00000000e8d00000, 0x00000000e8d00000| Untracked 
| 142|0x00000000e8e00000, 0x00000000e8e00000, 0x00000000e8f00000|  0%| F|  |TAMS 0x00000000e8e00000, 0x00000000e8e00000| Untracked 
| 143|0x00000000e8f00000, 0x00000000e8f00000, 0x00000000e9000000|  0%| F|  |TAMS 0x00000000e8f00000, 0x00000000e8f00000| Untracked 
| 144|0x00000000e9000000, 0x00000000e90696b8, 0x00000000e9100000| 41%| S|CS|TAMS 0x00000000e9000000, 0x00000000e9000000| Complete 
| 145|0x00000000e9100000, 0x00000000e9200000, 0x00000000e9200000|100%| S|CS|TAMS 0x00000000e9100000, 0x00000000e9100000| Complete 
| 146|0x00000000e9200000, 0x00000000e9300000, 0x00000000e9300000|100%| S|CS|TAMS 0x00000000e9200000, 0x00000000e9200000| Complete 
| 147|0x00000000e9300000, 0x00000000e9400000, 0x00000000e9400000|100%| S|CS|TAMS 0x00000000e9300000, 0x00000000e9300000| Complete 
| 148|0x00000000e9400000, 0x00000000e9500000, 0x00000000e9500000|100%| S|CS|TAMS 0x00000000e9400000, 0x00000000e9400000| Complete 
| 149|0x00000000e9500000, 0x00000000e9600000, 0x00000000e9600000|100%| S|CS|TAMS 0x00000000e9500000, 0x00000000e9500000| Complete 
| 150|0x00000000e9600000, 0x00000000e9700000, 0x00000000e9700000|100%| S|CS|TAMS 0x00000000e9600000, 0x00000000e9600000| Complete 
| 151|0x00000000e9700000, 0x00000000e9800000, 0x00000000e9800000|100%| S|CS|TAMS 0x00000000e9700000, 0x00000000e9700000| Complete 
| 152|0x00000000e9800000, 0x00000000e9900000, 0x00000000e9900000|100%| S|CS|TAMS 0x00000000e9800000, 0x00000000e9800000| Complete 
| 153|0x00000000e9900000, 0x00000000e9a00000, 0x00000000e9a00000|100%| S|CS|TAMS 0x00000000e9900000, 0x00000000e9900000| Complete 
| 154|0x00000000e9a00000, 0x00000000e9b00000, 0x00000000e9b00000|100%| S|CS|TAMS 0x00000000e9a00000, 0x00000000e9a00000| Complete 
| 155|0x00000000e9b00000, 0x00000000e9b00000, 0x00000000e9c00000|  0%| F|  |TAMS 0x00000000e9b00000, 0x00000000e9b00000| Untracked 
| 156|0x00000000e9c00000, 0x00000000e9c00000, 0x00000000e9d00000|  0%| F|  |TAMS 0x00000000e9c00000, 0x00000000e9c00000| Untracked 
| 157|0x00000000e9d00000, 0x00000000e9d00000, 0x00000000e9e00000|  0%| F|  |TAMS 0x00000000e9d00000, 0x00000000e9d00000| Untracked 
| 158|0x00000000e9e00000, 0x00000000e9e00000, 0x00000000e9f00000|  0%| F|  |TAMS 0x00000000e9e00000, 0x00000000e9e00000| Untracked 
| 159|0x00000000e9f00000, 0x00000000e9f00000, 0x00000000ea000000|  0%| F|  |TAMS 0x00000000e9f00000, 0x00000000e9f00000| Untracked 
| 160|0x00000000ea000000, 0x00000000ea000000, 0x00000000ea100000|  0%| F|  |TAMS 0x00000000ea000000, 0x00000000ea000000| Untracked 
| 161|0x00000000ea100000, 0x00000000ea100000, 0x00000000ea200000|  0%| F|  |TAMS 0x00000000ea100000, 0x00000000ea100000| Untracked 
| 162|0x00000000ea200000, 0x00000000ea200000, 0x00000000ea300000|  0%| F|  |TAMS 0x00000000ea200000, 0x00000000ea200000| Untracked 
| 163|0x00000000ea300000, 0x00000000ea300000, 0x00000000ea400000|  0%| F|  |TAMS 0x00000000ea300000, 0x00000000ea300000| Untracked 
| 164|0x00000000ea400000, 0x00000000ea400000, 0x00000000ea500000|  0%| F|  |TAMS 0x00000000ea400000, 0x00000000ea400000| Untracked 
| 165|0x00000000ea500000, 0x00000000ea500000, 0x00000000ea600000|  0%| F|  |TAMS 0x00000000ea500000, 0x00000000ea500000| Untracked 
| 166|0x00000000ea600000, 0x00000000ea600000, 0x00000000ea700000|  0%| F|  |TAMS 0x00000000ea600000, 0x00000000ea600000| Untracked 
| 167|0x00000000ea700000, 0x00000000ea700000, 0x00000000ea800000|  0%| F|  |TAMS 0x00000000ea700000, 0x00000000ea700000| Untracked 
| 168|0x00000000ea800000, 0x00000000ea800000, 0x00000000ea900000|  0%| F|  |TAMS 0x00000000ea800000, 0x00000000ea800000| Untracked 
| 169|0x00000000ea900000, 0x00000000ea900000, 0x00000000eaa00000|  0%| F|  |TAMS 0x00000000ea900000, 0x00000000ea900000| Untracked 
| 170|0x00000000eaa00000, 0x00000000eaa00000, 0x00000000eab00000|  0%| F|  |TAMS 0x00000000eaa00000, 0x00000000eaa00000| Untracked 
| 171|0x00000000eab00000, 0x00000000eab00000, 0x00000000eac00000|  0%| F|  |TAMS 0x00000000eab00000, 0x00000000eab00000| Untracked 
| 172|0x00000000eac00000, 0x00000000eac00000, 0x00000000ead00000|  0%| F|  |TAMS 0x00000000eac00000, 0x00000000eac00000| Untracked 
| 173|0x00000000ead00000, 0x00000000ead00000, 0x00000000eae00000|  0%| F|  |TAMS 0x00000000ead00000, 0x00000000ead00000| Untracked 
| 174|0x00000000eae00000, 0x00000000eae00000, 0x00000000eaf00000|  0%| F|  |TAMS 0x00000000eae00000, 0x00000000eae00000| Untracked 
| 175|0x00000000eaf00000, 0x00000000eaf00000, 0x00000000eb000000|  0%| F|  |TAMS 0x00000000eaf00000, 0x00000000eaf00000| Untracked 
| 176|0x00000000eb000000, 0x00000000eb000000, 0x00000000eb100000|  0%| F|  |TAMS 0x00000000eb000000, 0x00000000eb000000| Untracked 
| 177|0x00000000eb100000, 0x00000000eb100000, 0x00000000eb200000|  0%| F|  |TAMS 0x00000000eb100000, 0x00000000eb100000| Untracked 
| 178|0x00000000eb200000, 0x00000000eb200000, 0x00000000eb300000|  0%| F|  |TAMS 0x00000000eb200000, 0x00000000eb200000| Untracked 
| 179|0x00000000eb300000, 0x00000000eb300000, 0x00000000eb400000|  0%| F|  |TAMS 0x00000000eb300000, 0x00000000eb300000| Untracked 
| 180|0x00000000eb400000, 0x00000000eb400000, 0x00000000eb500000|  0%| F|  |TAMS 0x00000000eb400000, 0x00000000eb400000| Untracked 
| 181|0x00000000eb500000, 0x00000000eb500000, 0x00000000eb600000|  0%| F|  |TAMS 0x00000000eb500000, 0x00000000eb500000| Untracked 
| 182|0x00000000eb600000, 0x00000000eb600000, 0x00000000eb700000|  0%| F|  |TAMS 0x00000000eb600000, 0x00000000eb600000| Untracked 
| 183|0x00000000eb700000, 0x00000000eb700000, 0x00000000eb800000|  0%| F|  |TAMS 0x00000000eb700000, 0x00000000eb700000| Untracked 
| 184|0x00000000eb800000, 0x00000000eb800000, 0x00000000eb900000|  0%| F|  |TAMS 0x00000000eb800000, 0x00000000eb800000| Untracked 
| 185|0x00000000eb900000, 0x00000000eb900000, 0x00000000eba00000|  0%| F|  |TAMS 0x00000000eb900000, 0x00000000eb900000| Untracked 
| 186|0x00000000eba00000, 0x00000000eba00000, 0x00000000ebb00000|  0%| F|  |TAMS 0x00000000eba00000, 0x00000000eba00000| Untracked 
| 187|0x00000000ebb00000, 0x00000000ebb00000, 0x00000000ebc00000|  0%| F|  |TAMS 0x00000000ebb00000, 0x00000000ebb00000| Untracked 
| 188|0x00000000ebc00000, 0x00000000ebc00000, 0x00000000ebd00000|  0%| F|  |TAMS 0x00000000ebc00000, 0x00000000ebc00000| Untracked 
| 189|0x00000000ebd00000, 0x00000000ebd00000, 0x00000000ebe00000|  0%| F|  |TAMS 0x00000000ebd00000, 0x00000000ebd00000| Untracked 
| 190|0x00000000ebe00000, 0x00000000ebe00000, 0x00000000ebf00000|  0%| F|  |TAMS 0x00000000ebe00000, 0x00000000ebe00000| Untracked 
| 191|0x00000000ebf00000, 0x00000000ebf00000, 0x00000000ec000000|  0%| F|  |TAMS 0x00000000ebf00000, 0x00000000ebf00000| Untracked 
| 192|0x00000000ec000000, 0x00000000ec000000, 0x00000000ec100000|  0%| F|  |TAMS 0x00000000ec000000, 0x00000000ec000000| Untracked 
| 193|0x00000000ec100000, 0x00000000ec100000, 0x00000000ec200000|  0%| F|  |TAMS 0x00000000ec100000, 0x00000000ec100000| Untracked 
| 194|0x00000000ec200000, 0x00000000ec200000, 0x00000000ec300000|  0%| F|  |TAMS 0x00000000ec200000, 0x00000000ec200000| Untracked 
| 195|0x00000000ec300000, 0x00000000ec300000, 0x00000000ec400000|  0%| F|  |TAMS 0x00000000ec300000, 0x00000000ec300000| Untracked 
| 196|0x00000000ec400000, 0x00000000ec400000, 0x00000000ec500000|  0%| F|  |TAMS 0x00000000ec400000, 0x00000000ec400000| Untracked 
| 197|0x00000000ec500000, 0x00000000ec500000, 0x00000000ec600000|  0%| F|  |TAMS 0x00000000ec500000, 0x00000000ec500000| Untracked 
| 198|0x00000000ec600000, 0x00000000ec600000, 0x00000000ec700000|  0%| F|  |TAMS 0x00000000ec600000, 0x00000000ec600000| Untracked 
| 199|0x00000000ec700000, 0x00000000ec700000, 0x00000000ec800000|  0%| F|  |TAMS 0x00000000ec700000, 0x00000000ec700000| Untracked 
| 200|0x00000000ec800000, 0x00000000ec800000, 0x00000000ec900000|  0%| F|  |TAMS 0x00000000ec800000, 0x00000000ec800000| Untracked 
| 201|0x00000000ec900000, 0x00000000ec900000, 0x00000000eca00000|  0%| F|  |TAMS 0x00000000ec900000, 0x00000000ec900000| Untracked 
| 202|0x00000000eca00000, 0x00000000eca00000, 0x00000000ecb00000|  0%| F|  |TAMS 0x00000000eca00000, 0x00000000eca00000| Untracked 
| 203|0x00000000ecb00000, 0x00000000ecb00000, 0x00000000ecc00000|  0%| F|  |TAMS 0x00000000ecb00000, 0x00000000ecb00000| Untracked 
| 204|0x00000000ecc00000, 0x00000000ecc00000, 0x00000000ecd00000|  0%| F|  |TAMS 0x00000000ecc00000, 0x00000000ecc00000| Untracked 
| 205|0x00000000ecd00000, 0x00000000ecd00000, 0x00000000ece00000|  0%| F|  |TAMS 0x00000000ecd00000, 0x00000000ecd00000| Untracked 
| 206|0x00000000ece00000, 0x00000000ece00000, 0x00000000ecf00000|  0%| F|  |TAMS 0x00000000ece00000, 0x00000000ece00000| Untracked 
| 207|0x00000000ecf00000, 0x00000000ecf00000, 0x00000000ed000000|  0%| F|  |TAMS 0x00000000ecf00000, 0x00000000ecf00000| Untracked 
| 208|0x00000000ed000000, 0x00000000ed000000, 0x00000000ed100000|  0%| F|  |TAMS 0x00000000ed000000, 0x00000000ed000000| Untracked 
| 209|0x00000000ed100000, 0x00000000ed100000, 0x00000000ed200000|  0%| F|  |TAMS 0x00000000ed100000, 0x00000000ed100000| Untracked 
| 210|0x00000000ed200000, 0x00000000ed200000, 0x00000000ed300000|  0%| F|  |TAMS 0x00000000ed200000, 0x00000000ed200000| Untracked 
| 211|0x00000000ed300000, 0x00000000ed300000, 0x00000000ed400000|  0%| F|  |TAMS 0x00000000ed300000, 0x00000000ed300000| Untracked 
| 212|0x00000000ed400000, 0x00000000ed400000, 0x00000000ed500000|  0%| F|  |TAMS 0x00000000ed400000, 0x00000000ed400000| Untracked 
| 213|0x00000000ed500000, 0x00000000ed500000, 0x00000000ed600000|  0%| F|  |TAMS 0x00000000ed500000, 0x00000000ed500000| Untracked 
| 214|0x00000000ed600000, 0x00000000ed600000, 0x00000000ed700000|  0%| F|  |TAMS 0x00000000ed600000, 0x00000000ed600000| Untracked 
| 215|0x00000000ed700000, 0x00000000ed700000, 0x00000000ed800000|  0%| F|  |TAMS 0x00000000ed700000, 0x00000000ed700000| Untracked 
| 216|0x00000000ed800000, 0x00000000ed800000, 0x00000000ed900000|  0%| F|  |TAMS 0x00000000ed800000, 0x00000000ed800000| Untracked 
| 217|0x00000000ed900000, 0x00000000ed900000, 0x00000000eda00000|  0%| F|  |TAMS 0x00000000ed900000, 0x00000000ed900000| Untracked 
| 218|0x00000000eda00000, 0x00000000eda00000, 0x00000000edb00000|  0%| F|  |TAMS 0x00000000eda00000, 0x00000000eda00000| Untracked 
| 219|0x00000000edb00000, 0x00000000edb00000, 0x00000000edc00000|  0%| F|  |TAMS 0x00000000edb00000, 0x00000000edb00000| Untracked 
| 220|0x00000000edc00000, 0x00000000edc00000, 0x00000000edd00000|  0%| F|  |TAMS 0x00000000edc00000, 0x00000000edc00000| Untracked 
| 221|0x00000000edd00000, 0x00000000edd00000, 0x00000000ede00000|  0%| F|  |TAMS 0x00000000edd00000, 0x00000000edd00000| Untracked 
| 222|0x00000000ede00000, 0x00000000ede00000, 0x00000000edf00000|  0%| F|  |TAMS 0x00000000ede00000, 0x00000000ede00000| Untracked 
| 223|0x00000000edf00000, 0x00000000edf00000, 0x00000000ee000000|  0%| F|  |TAMS 0x00000000edf00000, 0x00000000edf00000| Untracked 
| 224|0x00000000ee000000, 0x00000000ee000000, 0x00000000ee100000|  0%| F|  |TAMS 0x00000000ee000000, 0x00000000ee000000| Untracked 
| 225|0x00000000ee100000, 0x00000000ee100000, 0x00000000ee200000|  0%| F|  |TAMS 0x00000000ee100000, 0x00000000ee100000| Untracked 
| 226|0x00000000ee200000, 0x00000000ee200000, 0x00000000ee300000|  0%| F|  |TAMS 0x00000000ee200000, 0x00000000ee200000| Untracked 
| 227|0x00000000ee300000, 0x00000000ee300000, 0x00000000ee400000|  0%| F|  |TAMS 0x00000000ee300000, 0x00000000ee300000| Untracked 
| 228|0x00000000ee400000, 0x00000000ee400000, 0x00000000ee500000|  0%| F|  |TAMS 0x00000000ee400000, 0x00000000ee400000| Untracked 
| 229|0x00000000ee500000, 0x00000000ee500000, 0x00000000ee600000|  0%| F|  |TAMS 0x00000000ee500000, 0x00000000ee500000| Untracked 
| 230|0x00000000ee600000, 0x00000000ee600000, 0x00000000ee700000|  0%| F|  |TAMS 0x00000000ee600000, 0x00000000ee600000| Untracked 
| 231|0x00000000ee700000, 0x00000000ee700000, 0x00000000ee800000|  0%| F|  |TAMS 0x00000000ee700000, 0x00000000ee700000| Untracked 
| 232|0x00000000ee800000, 0x00000000ee800000, 0x00000000ee900000|  0%| F|  |TAMS 0x00000000ee800000, 0x00000000ee800000| Untracked 
| 233|0x00000000ee900000, 0x00000000ee900000, 0x00000000eea00000|  0%| F|  |TAMS 0x00000000ee900000, 0x00000000ee900000| Untracked 
| 234|0x00000000eea00000, 0x00000000eea00000, 0x00000000eeb00000|  0%| F|  |TAMS 0x00000000eea00000, 0x00000000eea00000| Untracked 
| 235|0x00000000eeb00000, 0x00000000eeb00000, 0x00000000eec00000|  0%| F|  |TAMS 0x00000000eeb00000, 0x00000000eeb00000| Untracked 
| 236|0x00000000eec00000, 0x00000000eec00000, 0x00000000eed00000|  0%| F|  |TAMS 0x00000000eec00000, 0x00000000eec00000| Untracked 
| 237|0x00000000eed00000, 0x00000000eed00000, 0x00000000eee00000|  0%| F|  |TAMS 0x00000000eed00000, 0x00000000eed00000| Untracked 
| 238|0x00000000eee00000, 0x00000000eee00000, 0x00000000eef00000|  0%| F|  |TAMS 0x00000000eee00000, 0x00000000eee00000| Untracked 
| 239|0x00000000eef00000, 0x00000000eef00000, 0x00000000ef000000|  0%| F|  |TAMS 0x00000000eef00000, 0x00000000eef00000| Untracked 
| 240|0x00000000ef000000, 0x00000000ef000000, 0x00000000ef100000|  0%| F|  |TAMS 0x00000000ef000000, 0x00000000ef000000| Untracked 
| 241|0x00000000ef100000, 0x00000000ef100000, 0x00000000ef200000|  0%| F|  |TAMS 0x00000000ef100000, 0x00000000ef100000| Untracked 
| 242|0x00000000ef200000, 0x00000000ef200000, 0x00000000ef300000|  0%| F|  |TAMS 0x00000000ef200000, 0x00000000ef200000| Untracked 
| 243|0x00000000ef300000, 0x00000000ef300000, 0x00000000ef400000|  0%| F|  |TAMS 0x00000000ef300000, 0x00000000ef300000| Untracked 
| 244|0x00000000ef400000, 0x00000000ef400000, 0x00000000ef500000|  0%| F|  |TAMS 0x00000000ef400000, 0x00000000ef400000| Untracked 
| 245|0x00000000ef500000, 0x00000000ef500000, 0x00000000ef600000|  0%| F|  |TAMS 0x00000000ef500000, 0x00000000ef500000| Untracked 
| 246|0x00000000ef600000, 0x00000000ef600000, 0x00000000ef700000|  0%| F|  |TAMS 0x00000000ef600000, 0x00000000ef600000| Untracked 
| 247|0x00000000ef700000, 0x00000000ef700000, 0x00000000ef800000|  0%| F|  |TAMS 0x00000000ef700000, 0x00000000ef700000| Untracked 
| 248|0x00000000ef800000, 0x00000000ef800000, 0x00000000ef900000|  0%| F|  |TAMS 0x00000000ef800000, 0x00000000ef800000| Untracked 
| 249|0x00000000ef900000, 0x00000000ef900000, 0x00000000efa00000|  0%| F|  |TAMS 0x00000000ef900000, 0x00000000ef900000| Untracked 
| 250|0x00000000efa00000, 0x00000000efa00000, 0x00000000efb00000|  0%| F|  |TAMS 0x00000000efa00000, 0x00000000efa00000| Untracked 
| 251|0x00000000efb00000, 0x00000000efb7dad8, 0x00000000efc00000| 49%| E|  |TAMS 0x00000000efb00000, 0x00000000efb00000| Complete 
| 252|0x00000000efc00000, 0x00000000efd00000, 0x00000000efd00000|100%| E|CS|TAMS 0x00000000efc00000, 0x00000000efc00000| Complete 
| 253|0x00000000efd00000, 0x00000000efe00000, 0x00000000efe00000|100%| E|CS|TAMS 0x00000000efd00000, 0x00000000efd00000| Complete 
| 254|0x00000000efe00000, 0x00000000eff00000, 0x00000000eff00000|100%| E|CS|TAMS 0x00000000efe00000, 0x00000000efe00000| Complete 
| 255|0x00000000eff00000, 0x00000000f0000000, 0x00000000f0000000|100%| E|CS|TAMS 0x00000000eff00000, 0x00000000eff00000| Complete 

Card table byte_map: [0x00000230babf0000,0x00000230bacf0000] _byte_map_base: 0x00000230ba4f0000

Marking Bits (Prev, Next): (CMBitMap*) 0x00000230a2b25100, (CMBitMap*) 0x00000230a2b250c8
 Prev Bits: [0x00000230bb5f0000, 0x00000230bbdf0000)
 Next Bits: [0x00000230badf0000, 0x00000230bb5f0000)

Polling page: 0x00000230a0a40000

Metaspace:

Usage:
  Non-class:     18.71 MB capacity,    18.35 MB ( 98%) used,   328.95 KB (  2%) free+waste,    36.31 KB ( <1%) overhead. 
      Class:      2.73 MB capacity,     2.55 MB ( 93%) used,   169.27 KB (  6%) free+waste,    17.94 KB ( <1%) overhead. 
       Both:     21.44 MB capacity,    20.90 MB ( 97%) used,   498.22 KB (  2%) free+waste,    54.25 KB ( <1%) overhead. 

Virtual space:
  Non-class space:       20.00 MB reserved,      18.92 MB ( 95%) committed 
      Class space:      248.00 MB reserved,       2.75 MB (  1%) committed 
             Both:      268.00 MB reserved,      21.67 MB (  8%) committed 

Chunk freelists:
   Non-Class:  43.00 KB
       Class:  16.00 KB
        Both:  59.00 KB

MaxMetaspaceSize: 256.00 MB
CompressedClassSpaceSize: 248.00 MB
Initial GC threshold: 20.80 MB
Current GC threshold: 35.08 MB
CDS: off

CodeHeap 'non-profiled nmethods': size=119168Kb used=1002Kb max_used=1002Kb free=118165Kb
 bounds [0x00000230b2e10000, 0x00000230b3080000, 0x00000230ba270000]
CodeHeap 'profiled nmethods': size=119168Kb used=4582Kb max_used=4582Kb free=114585Kb
 bounds [0x00000230ab9b0000, 0x00000230abe30000, 0x00000230b2e10000]
CodeHeap 'non-nmethods': size=7424Kb used=2902Kb max_used=2917Kb free=4521Kb
 bounds [0x00000230ab270000, 0x00000230ab550000, 0x00000230ab9b0000]
 total_blobs=2634 nmethods=2146 adapters=397
 compilation: enabled
              stopped_count=0, restarted_count=0
 full_count=0

Compilation events (20 events):
Event: 1.449 Thread 0x00000230bf649800 2130       1       jdk.internal.reflect.NativeMethodAccessorImpl::setParent (6 bytes)
Event: 1.449 Thread 0x00000230bfab9800 nmethod 2128 0x00000230b2f08d90 code [0x00000230b2f08f40, 0x00000230b2f08ff8]
Event: 1.449 Thread 0x00000230bf7a7000 nmethod 2131 0x00000230abe1bf10 code [0x00000230abe1c0e0, 0x00000230abe1c3c8]
Event: 1.449 Thread 0x00000230bf649800 nmethod 2130 0x00000230b2f09090 code [0x00000230b2f09240, 0x00000230b2f09338]
Event: 1.451 Thread 0x00000230bf646000 nmethod 2087 0x00000230b2f09390 code [0x00000230b2f09540, 0x00000230b2f09918]
Event: 1.452 Thread 0x00000230bf646000 2132   !   4       java.lang.ClassLoader::loadClass (122 bytes)
Event: 1.464 Thread 0x00000230bf7b8800 2135   !   3       java.lang.ref.ReferenceQueue::enqueue (119 bytes)
Event: 1.464 Thread 0x00000230bfab9800 2136       3       java.lang.ref.ReferenceQueue::reallyPoll (65 bytes)
Event: 1.465 Thread 0x00000230bfab9800 nmethod 2136 0x00000230abe1c510 code [0x00000230abe1c700, 0x00000230abe1cbf8]
Event: 1.465 Thread 0x00000230bf7b8800 nmethod 2135 0x00000230abe1cd10 code [0x00000230abe1cf00, 0x00000230abe1d668]
Event: 1.475 Thread 0x00000230bf7a7000 2137       3       java.lang.invoke.VarHandleGuards::guard_LII_Z (70 bytes)
Event: 1.475 Thread 0x00000230bf649800 2138       3       java.lang.invoke.VarHandleInts$FieldInstanceReadWrite::compareAndSet (24 bytes)
Event: 1.475 Thread 0x00000230bf649800 nmethod 2138 0x00000230abe1d810 code [0x00000230abe1da20, 0x00000230abe1dec8]
Event: 1.476 Thread 0x00000230bf7a7000 nmethod 2137 0x00000230abe1e110 code [0x00000230abe1e3c0, 0x00000230abe1f368]
Event: 1.480 Thread 0x00000230bfab9800 2140       3       sun.invoke.util.VerifyAccess::isMemberAccessible (313 bytes)
Event: 1.480 Thread 0x00000230bf7b8800 2141       3       java.lang.invoke.LambdaFormEditor$Transform::<init> (17 bytes)
Event: 1.480 Thread 0x00000230bf7b8800 nmethod 2141 0x00000230abe1f890 code [0x00000230abe1fa60, 0x00000230abe1fe38]
Event: 1.482 Thread 0x00000230bfab9800 nmethod 2140 0x00000230abe1ff90 code [0x00000230abe20460, 0x00000230abe22608]
Event: 1.485 Thread 0x00000230bf649800 2143   !   3       java.util.concurrent.ConcurrentHashMap::transfer (828 bytes)
Event: 1.487 Thread 0x00000230bf649800 nmethod 2143 0x00000230abe23090 code [0x00000230abe23520, 0x00000230abe26738]

GC Heap History (4 events):
Event: 0.437 GC heap before
{Heap before GC invocations=0 (full 0):
 garbage-first heap   total 262144K, used 29696K [0x00000000e0000000, 0x0000000100000000)
  region size 1024K, 24 young (24576K), 0 survivors (0K)
 Metaspace       used 10088K, capacity 10347K, committed 10624K, reserved 264192K
  class space    used 1015K, capacity 1071K, committed 1152K, reserved 253952K
}
Event: 0.441 GC heap after
{Heap after GC invocations=1 (full 0):
 garbage-first heap   total 262144K, used 9463K [0x00000000e0000000, 0x0000000100000000)
  region size 1024K, 3 young (3072K), 3 survivors (3072K)
 Metaspace       used 10088K, capacity 10347K, committed 10624K, reserved 264192K
  class space    used 1015K, capacity 1071K, committed 1152K, reserved 253952K
}
Event: 1.457 GC heap before
{Heap before GC invocations=1 (full 0):
 garbage-first heap   total 262144K, used 109815K [0x00000000e0000000, 0x0000000100000000)
  region size 1024K, 101 young (103424K), 3 survivors (3072K)
 Metaspace       used 20860K, capacity 21206K, committed 21296K, reserved 274432K
  class space    used 2515K, capacity 2651K, committed 2688K, reserved 253952K
}
Event: 1.464 GC heap after
{Heap after GC invocations=2 (full 0):
 garbage-first heap   total 262144K, used 17052K [0x00000000e0000000, 0x0000000100000000)
  region size 1024K, 11 young (11264K), 11 survivors (11264K)
 Metaspace       used 20860K, capacity 21206K, committed 21296K, reserved 274432K
  class space    used 2515K, capacity 2651K, committed 2688K, reserved 253952K
}

Deoptimization events (20 events):
Event: 1.331 Thread 0x00000230c2806000 DEOPT PACKING pc=0x00000230b2e851b4 sp=0x000000cdbaafac10
Event: 1.331 Thread 0x00000230c2806000 DEOPT UNPACKING pc=0x00000230ab2ba1af sp=0x000000cdbaafaba0 mode 2
Event: 1.375 Thread 0x00000230c2806000 Uncommon trap: trap_request=0xffffffc6 fr.pc=0x00000230b2e8a824 relative=0x0000000000000084
Event: 1.375 Thread 0x00000230c2806000 Uncommon trap: reason=bimorphic_or_optimized_type_check action=maybe_recompile pc=0x00000230b2e8a824 method=java.util.AbstractList$Itr.hasNext()Z @ 8 c2
Event: 1.375 Thread 0x00000230c2806000 DEOPT PACKING pc=0x00000230b2e8a824 sp=0x000000cdbaafc0d0
Event: 1.375 Thread 0x00000230c2806000 DEOPT UNPACKING pc=0x00000230ab2ba1af sp=0x000000cdbaafc068 mode 2
Event: 1.375 Thread 0x00000230c2806000 Uncommon trap: trap_request=0xffffffc6 fr.pc=0x00000230b2e8ce74 relative=0x0000000000000134
Event: 1.375 Thread 0x00000230c2806000 Uncommon trap: reason=bimorphic_or_optimized_type_check action=maybe_recompile pc=0x00000230b2e8ce74 method=java.util.AbstractList$Itr.next()Ljava/lang/Object; @ 14 c2
Event: 1.375 Thread 0x00000230c2806000 DEOPT PACKING pc=0x00000230b2e8ce74 sp=0x000000cdbaafc0c0
Event: 1.375 Thread 0x00000230c2806000 DEOPT UNPACKING pc=0x00000230ab2ba1af sp=0x000000cdbaafc058 mode 2
Event: 1.375 Thread 0x00000230c2806000 Uncommon trap: trap_request=0xffffff4d fr.pc=0x00000230b2e89d5c relative=0x000000000000051c
Event: 1.375 Thread 0x00000230c2806000 Uncommon trap: reason=unstable_if action=reinterpret pc=0x00000230b2e89d5c method=java.io.File.getName()Ljava/lang/String; @ 16 c2
Event: 1.375 Thread 0x00000230c2806000 DEOPT PACKING pc=0x00000230b2e89d5c sp=0x000000cdbaafcb00
Event: 1.375 Thread 0x00000230c2806000 DEOPT UNPACKING pc=0x00000230ab2ba1af sp=0x000000cdbaafcad0 mode 2
Event: 1.375 Thread 0x00000230c2806000 Uncommon trap: trap_request=0xffffff4d fr.pc=0x00000230b2e87334 relative=0x0000000000000474
Event: 1.375 Thread 0x00000230c2806000 Uncommon trap: reason=unstable_if action=reinterpret pc=0x00000230b2e87334 method=java.lang.String.substring(I)Ljava/lang/String; @ 34 c2
Event: 1.375 Thread 0x00000230c2806000 DEOPT PACKING pc=0x00000230b2e87334 sp=0x000000cdbaafca80
Event: 1.375 Thread 0x00000230c2806000 DEOPT UNPACKING pc=0x00000230ab2ba1af sp=0x000000cdbaafca58 mode 2
Event: 1.421 Thread 0x00000230c2806000 DEOPT PACKING pc=0x00000230aba822cc sp=0x000000cdbaaf8dc0
Event: 1.421 Thread 0x00000230c2806000 DEOPT UNPACKING pc=0x00000230ab2ba95e sp=0x000000cdbaaf8360 mode 0

Classes redefined (0 events):
No events

Internal exceptions (20 events):
Event: 0.242 Thread 0x00000230a2afb000 Exception <a 'java/lang/NoClassDefFoundError'{0x00000000eef60b20}: org/slf4j/impl/StaticMarkerBinder> (0x00000000eef60b20) thrown at [./src/hotspot/share/classfile/systemDictionary.cpp, line 219]
Event: 0.299 Thread 0x00000230a2afb000 Exception <a 'java/lang/NoSuchMethodError'{0x00000000eeca5b68}: 'java.lang.Object java.lang.invoke.DirectMethodHandle$Holder.invokeVirtual(java.lang.Object, java.lang.Object, java.lang.Object, java.lang.Object, java.lang.Object, java.lang.Object, java.lang.Object)'> (0x00000000eeca5b68) thrown at [./src/hotspot/share/interpreter/linkResolver.cpp, line 773]
Event: 0.301 Thread 0x00000230a2afb000 Exception <a 'java/lang/NoSuchMethodError'{0x00000000eecb9fb8}: 'java.lang.Object java.lang.invoke.Invokers$Holder.invoker(java.lang.Object, java.lang.Object, java.lang.Object)'> (0x00000000eecb9fb8) thrown at [./src/hotspot/share/interpreter/linkResolver.cpp, line 773]
Event: 0.305 Thread 0x00000230a2afb000 Exception <a 'java/lang/NoSuchMethodError'{0x00000000eeccb030}: 'void java.lang.invoke.DelegatingMethodHandle$Holder.delegate(java.lang.Object, java.lang.Object, int, java.lang.Object)'> (0x00000000eeccb030) thrown at [./src/hotspot/share/interpreter/linkResolver.cpp, line 773]
Event: 0.586 Thread 0x00000230a2afb000 Exception <a 'java/security/PrivilegedActionException'{0x00000000edc02178}> (0x00000000edc02178) thrown at [./src/hotspot/share/prims/jvm.cpp, line 1306]
Event: 0.587 Thread 0x00000230a2afb000 Exception <a 'java/security/PrivilegedActionException'{0x00000000edc026f0}> (0x00000000edc026f0) thrown at [./src/hotspot/share/prims/jvm.cpp, line 1306]
Event: 0.777 Thread 0x00000230a2afb000 Exception <a 'java/lang/NoSuchMethodError'{0x00000000eccdbf50}: 'java.lang.Object java.lang.invoke.DirectMethodHandle$Holder.invokeStaticInit(java.lang.Object, java.lang.Object, java.lang.Object)'> (0x00000000eccdbf50) thrown at [./src/hotspot/share/interpreter/linkResolver.cpp, line 773]
Event: 0.868 Thread 0x00000230a2afb000 Exception <a 'java/lang/NoSuchMethodError'{0x00000000ec5f0cd8}: 'java.lang.Object java.lang.invoke.DirectMethodHandle$Holder.invokeStaticInit(java.lang.Object, int, int, int, int)'> (0x00000000ec5f0cd8) thrown at [./src/hotspot/share/interpreter/linkResolver.cpp, line 773]
Event: 0.992 Thread 0x00000230a2afb000 Exception <a 'java/lang/NoSuchMethodError'{0x00000000ec4ce300}: 'java.lang.Object java.lang.invoke.DirectMethodHandle$Holder.invokeStaticInit(java.lang.Object, java.lang.Object, int, int, int, int)'> (0x00000000ec4ce300) thrown at [./src/hotspot/share/interpreter/linkResolver.cpp, line 773]
Event: 1.177 Thread 0x00000230a2afb000 Exception <a 'java/io/IOException'{0x00000000ec1125d0}> (0x00000000ec1125d0) thrown at [./src/hotspot/share/prims/jni.cpp, line 617]
Event: 1.255 Thread 0x00000230c2806000 Exception <a 'java/lang/NoSuchMethodError'{0x00000000eba0c6c0}: 'long java.lang.invoke.DirectMethodHandle$Holder.invokeInterface(java.lang.Object, java.lang.Object)'> (0x00000000eba0c6c0) thrown at [./src/hotspot/share/interpreter/linkResolver.cpp, line 773]
Event: 1.256 Thread 0x00000230c2806000 Exception <a 'java/lang/NoSuchMethodError'{0x00000000eba19760}: 'void java.lang.invoke.DelegatingMethodHandle$Holder.reinvoke_L(java.lang.Object, java.lang.Object, java.lang.Object, java.lang.Object, java.lang.Object, java.lang.Object, java.lang.Object)'> (0x00000000eba19760) thrown at [./src/hotspot/share/interpreter/linkResolver.cpp, line 773]
Event: 1.303 Thread 0x00000230c2806000 Exception <a 'java/lang/NoSuchMethodError'{0x00000000eb3f9a90}: 'void java.lang.invoke.DirectMethodHandle$Holder.invokeStaticInit(java.lang.Object)'> (0x00000000eb3f9a90) thrown at [./src/hotspot/share/interpreter/linkResolver.cpp, line 773]
Event: 1.312 Thread 0x00000230c2806000 Exception <a 'java/lang/NoSuchMethodError'{0x00000000eb2b6388}: 'java.lang.Object java.lang.invoke.DirectMethodHandle$Holder.invokeStatic(java.lang.Object, java.lang.Object, java.lang.Object, int)'> (0x00000000eb2b6388) thrown at [./src/hotspot/share/interpreter/linkResolver.cpp, line 773]
Event: 1.312 Thread 0x00000230c2806000 Exception <a 'java/lang/NoSuchMethodError'{0x00000000eb2ba550}: 'java.lang.Object java.lang.invoke.DirectMethodHandle$Holder.invokeSpecial(java.lang.Object, java.lang.Object, java.lang.Object, java.lang.Object, int)'> (0x00000000eb2ba550) thrown at [./src/hotspot/share/interpreter/linkResolver.cpp, line 773]
Event: 1.312 Thread 0x00000230c2806000 Exception <a 'java/lang/NoSuchMethodError'{0x00000000eb2bdf38}: 'java.lang.Object java.lang.invoke.Invokers$Holder.linkToTargetMethod(java.lang.Object, java.lang.Object, int, java.lang.Object)'> (0x00000000eb2bdf38) thrown at [./src/hotspot/share/interpreter/linkResolver.cpp, line 773]
Event: 1.389 Thread 0x00000230c2806000 Exception <a 'java/lang/NoSuchMethodError'{0x00000000ea9d6fa8}: 'java.lang.Object java.lang.invoke.Invokers$Holder.linkToTargetMethod(java.lang.Object, java.lang.Object, java.lang.Object, java.lang.Object, java.lang.Object, java.lang.Object)'> (0x00000000ea9d6fa8) thrown at [./src/hotspot/share/interpreter/linkResolver.cpp, line 773]
Event: 1.479 Thread 0x00000230c2806000 Exception <a 'java/lang/NoSuchMethodError'{0x00000000efe6b418}: 'int java.lang.invoke.DirectMethodHandle$Holder.invokeSpecialIFC(java.lang.Object, java.lang.Object, java.lang.Object, java.lang.Object)'> (0x00000000efe6b418) thrown at [./src/hotspot/share/interpreter/linkResolver.cpp, line 773]
Event: 1.480 Thread 0x00000230c2806000 Exception <a 'java/lang/NoSuchMethodError'{0x00000000efe793d0}: 'java.lang.Object java.lang.invoke.DirectMethodHandle$Holder.invokeInterface(java.lang.Object, java.lang.Object, java.lang.Object)'> (0x00000000efe793d0) thrown at [./src/hotspot/share/interpreter/linkResolver.cpp, line 773]
Event: 1.481 Thread 0x00000230c2806000 Exception <a 'java/lang/IncompatibleClassChangeError'{0x00000000efe7c8a8}: Found class java.lang.Object, but interface was expected> (0x00000000efe7c8a8) thrown at [./src/hotspot/share/interpreter/linkResolver.cpp, line 839]

Events (20 events):
Event: 1.486 loading class java/io/ObjectInput done
Event: 1.486 loading class java/io/ObjectInputStream done
Event: 1.486 loading class org/gradle/tooling/internal/provider/serialization/PayloadSerializerObjectInputStream
Event: 1.486 loading class org/gradle/tooling/internal/provider/serialization/PayloadSerializerObjectInputStream done
Event: 1.486 loading class org/gradle/internal/serialize/ExceptionReplacingObjectInputStream
Event: 1.486 loading class org/gradle/internal/serialize/ExceptionReplacingObjectInputStream done
Event: 1.486 loading class org/gradle/internal/io/ClassLoaderObjectInputStream
Event: 1.486 loading class org/gradle/internal/io/ClassLoaderObjectInputStream done
Event: 1.487 loading class org/gradle/tooling/internal/provider/serialization/WellKnownClassLoaderRegistry
Event: 1.487 loading class org/gradle/tooling/internal/provider/serialization/WellKnownClassLoaderRegistry done
Event: 1.487 loading class org/gradle/tooling/internal/provider/serialization/WellKnownClassLoaderRegistry$KnownClassLoaderSpec
Event: 1.487 loading class org/gradle/tooling/internal/provider/serialization/WellKnownClassLoaderRegistry$KnownClassLoaderSpec done
Event: 1.487 loading class org/gradle/tooling/internal/provider/serialization/DeserializeMap
Event: 1.487 loading class org/gradle/tooling/internal/provider/serialization/DeserializeMap done
Event: 1.487 loading class org/gradle/tooling/internal/provider/serialization/SerializeMap
Event: 1.487 loading class org/gradle/tooling/internal/provider/serialization/SerializeMap done
Event: 1.487 loading class org/gradle/tooling/internal/provider/serialization/ClassLoaderDetails
Event: 1.487 loading class org/gradle/tooling/internal/provider/serialization/ClassLoaderDetails done
Event: 1.487 loading class org/gradle/tooling/internal/provider/serialization/DefaultPayloadClassLoaderRegistry
Event: 1.487 loading class org/gradle/tooling/internal/provider/serialization/DefaultPayloadClassLoaderRegistry done


Dynamic libraries:
0x00007ff783ca0000 - 0x00007ff783cad000 	D:\dev_tools\jdk11\bin\java.exe
0x00007ffc13a50000 - 0x00007ffc13c64000 	C:\WINDOWS\SYSTEM32\ntdll.dll
0x00007ffc12ad0000 - 0x00007ffc12b92000 	C:\WINDOWS\System32\KERNEL32.DLL
0x00007ffc114c0000 - 0x00007ffc1185c000 	C:\WINDOWS\System32\KERNELBASE.dll
0x00007ffc11240000 - 0x00007ffc11351000 	C:\WINDOWS\System32\ucrtbase.dll
0x00007ffc07380000 - 0x00007ffc07397000 	D:\dev_tools\jdk11\bin\jli.dll
0x00007ffbfeeb0000 - 0x00007ffbfeec9000 	D:\dev_tools\jdk11\bin\VCRUNTIME140.dll
0x00007ffc12cb0000 - 0x00007ffc12e5b000 	C:\WINDOWS\System32\USER32.dll
0x00007ffc11210000 - 0x00007ffc11236000 	C:\WINDOWS\System32\win32u.dll
0x00007ffbed360000 - 0x00007ffbed5ee000 	C:\WINDOWS\WinSxS\amd64_microsoft.windows.common-controls_6595b64144ccf1df_6.0.22621.608_none_a9444ca7c10bb01d\COMCTL32.dll
0x00007ffc11aa0000 - 0x00007ffc11ac9000 	C:\WINDOWS\System32\GDI32.dll
0x00007ffc12f00000 - 0x00007ffc12fa7000 	C:\WINDOWS\System32\msvcrt.dll
0x00007ffc110f0000 - 0x00007ffc11203000 	C:\WINDOWS\System32\gdi32full.dll
0x00007ffc11420000 - 0x00007ffc114ba000 	C:\WINDOWS\System32\msvcp_win.dll
0x00007ffc11860000 - 0x00007ffc11891000 	C:\WINDOWS\System32\IMM32.DLL
0x00007ffbefcb0000 - 0x00007ffbefd4b000 	D:\dev_tools\jdk11\bin\msvcp140.dll
0x00007ffbb5ec0000 - 0x00007ffbb6a45000 	D:\dev_tools\jdk11\bin\server\jvm.dll
0x00007ffc11cb0000 - 0x00007ffc11d5e000 	C:\WINDOWS\System32\ADVAPI32.dll
0x00007ffc13940000 - 0x00007ffc139e4000 	C:\WINDOWS\System32\sechost.dll
0x00007ffc11b30000 - 0x00007ffc11c47000 	C:\WINDOWS\System32\RPCRT4.dll
0x00007ffc139f0000 - 0x00007ffc139f8000 	C:\WINDOWS\System32\PSAPI.DLL
0x00007ffc0acc0000 - 0x00007ffc0acf4000 	C:\WINDOWS\SYSTEM32\WINMM.dll
0x00007ffc09270000 - 0x00007ffc09279000 	C:\WINDOWS\SYSTEM32\WSOCK32.dll
0x00007ffc138c0000 - 0x00007ffc13931000 	C:\WINDOWS\System32\WS2_32.dll
0x00007ffc06f70000 - 0x00007ffc06f7a000 	C:\WINDOWS\SYSTEM32\VERSION.dll
0x00007ffc0ff90000 - 0x00007ffc0ffa8000 	C:\WINDOWS\SYSTEM32\kernel.appcore.dll
0x00007ffc09260000 - 0x00007ffc09270000 	D:\dev_tools\jdk11\bin\verify.dll
0x00007ffc0e3b0000 - 0x00007ffc0e5de000 	C:\WINDOWS\SYSTEM32\DBGHELP.DLL
0x00007ffc122c0000 - 0x00007ffc12649000 	C:\WINDOWS\System32\combase.dll
0x00007ffc119c0000 - 0x00007ffc11a97000 	C:\WINDOWS\System32\OLEAUT32.dll
0x00007ffbe3520000 - 0x00007ffbe3552000 	C:\WINDOWS\SYSTEM32\dbgcore.DLL
0x00007ffc11000000 - 0x00007ffc1107b000 	C:\WINDOWS\System32\bcryptPrimitives.dll
0x00007ffbfeb70000 - 0x00007ffbfeb98000 	D:\dev_tools\jdk11\bin\java.dll
0x00007ffc07a00000 - 0x00007ffc07a0a000 	D:\dev_tools\jdk11\bin\jimage.dll
0x00007ffbfe8b0000 - 0x00007ffbfe8c8000 	D:\dev_tools\jdk11\bin\zip.dll
0x00007ffc130d0000 - 0x00007ffc138c0000 	C:\WINDOWS\System32\SHELL32.dll
0x00007ffc0ee60000 - 0x00007ffc0f72d000 	C:\WINDOWS\SYSTEM32\windows.storage.dll
0x00007ffc0ed20000 - 0x00007ffc0ee5e000 	C:\WINDOWS\SYSTEM32\wintypes.dll
0x00007ffc120c0000 - 0x00007ffc121b1000 	C:\WINDOWS\System32\SHCORE.dll
0x00007ffc11c50000 - 0x00007ffc11cae000 	C:\WINDOWS\System32\shlwapi.dll
0x00007ffc10dc0000 - 0x00007ffc10de1000 	C:\WINDOWS\SYSTEM32\profapi.dll
0x00007ffbfe890000 - 0x00007ffbfe8a9000 	D:\dev_tools\jdk11\bin\net.dll
0x00007ffc07e70000 - 0x00007ffc07fa7000 	C:\WINDOWS\SYSTEM32\WINHTTP.dll
0x00007ffc10400000 - 0x00007ffc10469000 	C:\WINDOWS\system32\mswsock.dll
0x00007ffbfe120000 - 0x00007ffbfe133000 	D:\dev_tools\jdk11\bin\nio.dll
0x00007ffc05920000 - 0x00007ffc05947000 	D:\dev_tools\gradle_repo\native\e1d6ef7f7dcc3fd88c89a11ec53ec762bb8ba0a96d01ffa2cd45eb1d1d8dd5c5\windows-amd64\native-platform.dll
0x00007ffbde130000 - 0x00007ffbde274000 	D:\dev_tools\gradle_repo\native\0d407fdbe67a94daf76414ababcb853783967236a71b16ec16e742cd7a986fd3\windows-amd64\native-platform-file-events.dll
0x00007ffc06ba0000 - 0x00007ffc06ba9000 	D:\dev_tools\jdk11\bin\management.dll
0x00007ffc06070000 - 0x00007ffc0607b000 	D:\dev_tools\jdk11\bin\management_ext.dll
0x00007ffc10630000 - 0x00007ffc1064b000 	C:\WINDOWS\SYSTEM32\CRYPTSP.dll
0x00007ffc0ff00000 - 0x00007ffc0ff35000 	C:\WINDOWS\system32\rsaenh.dll
0x00007ffc104c0000 - 0x00007ffc104e8000 	C:\WINDOWS\SYSTEM32\USERENV.dll
0x00007ffc10840000 - 0x00007ffc10868000 	C:\WINDOWS\SYSTEM32\bcrypt.dll
0x00007ffc10660000 - 0x00007ffc1066c000 	C:\WINDOWS\SYSTEM32\CRYPTBASE.dll
0x00007ffc0f9f0000 - 0x00007ffc0fa1d000 	C:\WINDOWS\SYSTEM32\IPHLPAPI.DLL
0x00007ffc12260000 - 0x00007ffc12269000 	C:\WINDOWS\System32\NSI.dll
0x00007ffc06620000 - 0x00007ffc06639000 	C:\WINDOWS\SYSTEM32\dhcpcsvc6.DLL
0x00007ffc064a0000 - 0x00007ffc064bf000 	C:\WINDOWS\SYSTEM32\dhcpcsvc.DLL
0x00007ffc0fa60000 - 0x00007ffc0fb53000 	C:\WINDOWS\SYSTEM32\DNSAPI.dll

dbghelp: loaded successfully - version: 4.0.5 - missing functions: none
symbol engine: initialized successfully - sym options: 0x614 - pdb path: .;D:\dev_tools\jdk11\bin;C:\WINDOWS\SYSTEM32;C:\WINDOWS\WinSxS\amd64_microsoft.windows.common-controls_6595b64144ccf1df_6.0.22621.608_none_a9444ca7c10bb01d;D:\dev_tools\jdk11\bin\server;D:\dev_tools\gradle_repo\native\e1d6ef7f7dcc3fd88c89a11ec53ec762bb8ba0a96d01ffa2cd45eb1d1d8dd5c5\windows-amd64;D:\dev_tools\gradle_repo\native\0d407fdbe67a94daf76414ababcb853783967236a71b16ec16e742cd7a986fd3\windows-amd64

VM Arguments:
jvm_args: --add-opens=java.base/java.util=ALL-UNNAMED --add-opens=java.base/java.lang=ALL-UNNAMED --add-opens=java.base/java.lang.invoke=ALL-UNNAMED --add-opens=java.base/java.util=ALL-UNNAMED --add-opens=java.prefs/java.util.prefs=ALL-UNNAMED --add-opens=java.prefs/java.util.prefs=ALL-UNNAMED --add-opens=java.base/java.nio.charset=ALL-UNNAMED --add-opens=java.base/java.net=ALL-UNNAMED --add-opens=java.base/java.util.concurrent.atomic=ALL-UNNAMED -XX:MaxMetaspaceSize=256m -XX:+HeapDumpOnOutOfMemoryError -Xms256m -Xmx512m -Dfile.encoding=GBK -Duser.country=CN -Duser.language=zh -Duser.variant 
java_command: org.gradle.launcher.daemon.bootstrap.GradleDaemon 7.5
java_class_path (initial): D:\dev_tools\gradle_repo\wrapper\dists\gradle-7.5-bin\f1w0cc9nuo0eivz97x2xlu9sv\gradle-7.5\lib\gradle-launcher-7.5.jar
Launcher Type: SUN_STANDARD

[Global flags]
     intx CICompilerCount                          = 12                                        {product} {ergonomic}
   size_t CompressedClassSpaceSize                 = 260046848                                 {product} {ergonomic}
     uint ConcGCThreads                            = 3                                         {product} {ergonomic}
     uint G1ConcRefinementThreads                  = 13                                        {product} {ergonomic}
   size_t G1HeapRegionSize                         = 1048576                                   {product} {ergonomic}
    uintx GCDrainStackTargetSize                   = 64                                        {product} {ergonomic}
     bool HeapDumpOnOutOfMemoryError               = true                                   {manageable} {command line}
   size_t InitialHeapSize                          = 268435456                                 {product} {command line}
   size_t MarkStackSize                            = 4194304                                   {product} {ergonomic}
   size_t MaxHeapSize                              = 536870912                                 {product} {command line}
   size_t MaxMetaspaceSize                         = 268435456                                 {product} {command line}
   size_t MaxNewSize                               = 321912832                                 {product} {ergonomic}
   size_t MinHeapDeltaBytes                        = 1048576                                   {product} {ergonomic}
    uintx NonNMethodCodeHeapSize                   = 7594288                                {pd product} {ergonomic}
    uintx NonProfiledCodeHeapSize                  = 122031976                              {pd product} {ergonomic}
    uintx ProfiledCodeHeapSize                     = 122031976                              {pd product} {ergonomic}
    uintx ReservedCodeCacheSize                    = 251658240                              {pd product} {ergonomic}
     bool SegmentedCodeCache                       = true                                      {product} {ergonomic}
     bool UseCompressedClassPointers               = true                                 {lp64_product} {ergonomic}
     bool UseCompressedOops                        = true                                 {lp64_product} {ergonomic}
     bool UseG1GC                                  = true                                      {product} {ergonomic}
     bool UseLargePagesIndividualAllocation        = false                                  {pd product} {ergonomic}

Logging:
Log output configuration:
 #0: stdout all=warning uptime,level,tags
 #1: stderr all=off uptime,level,tags

Environment Variables:
JAVA_HOME=D:\dev_tools\jdk11
PATH=C:\Program Files (x86)\Common Files\Oracle\Java\javapath;C:\Windows\System32\HWAudioDriverLibs;C:\Windows\system32;C:\Windows;C:\Windows\System32\Wbem;C:\Windows\System32\WindowsPowerShell\v1.0\;C:\Windows\System32\OpenSSH\;C:\Users\Administrator\AppData\Local\Microsoft\WindowsApps;C:\Program Files (x86)\dotnet\;C:\Program Files\Git\cmd;D:\software\web\dll;C:\WINDOWS\system32;C:\WINDOWS;C:\WINDOWS\System32\Wbem;C:\WINDOWS\System32\WindowsPowerShell\v1.0\;C:\WINDOWS\System32\OpenSSH\;C:\Program Files\Docker\Docker\resources\bin;%JAVA_HOME%;C:\Program Files\Microsoft SQL Server\150\Tools\Binn\;C:\Program Files\Microsoft SQL Server\Client SDK\ODBC\170\Tools\Binn\;C:\Program Files\dotnet\;C:\Users\darksheep404\AppData\Local\Microsoft\WindowsApps;D:\dev_tools\IntelliJ IDEA 2022.2.1\bin;;D:\software\Microsoft VS Code\bin;D:\dev_tools\jdk11;C:\Users\darksheep404\.dotnet\tools
USERNAME=darksheep404
OS=Windows_NT
PROCESSOR_IDENTIFIER=Intel64 Family 6 Model 154 Stepping 3, GenuineIntel
TMP=C:\Users\DARKSH~1\AppData\Local\Temp
TEMP=C:\Users\DARKSH~1\AppData\Local\Temp



---------------  S Y S T E M  ---------------

OS: Windows 11 , 64 bit Build 22621 (10.0.22621.1485)
OS uptime: 1 days 22:58 hours
Hyper-V role detected

CPU:total 16 (initial active 16) (8 cores per cpu, 2 threads per core) family 6 model 154 stepping 3 microcode 0x41e, cmov, cx8, fxsr, mmx, sse, sse2, sse3, ssse3, sse4.1, sse4.2, popcnt, avx, avx2, aes, clmul, erms, 3dnowpref, lzcnt, ht, tsc, tscinvbit, bmi1, bmi2, adx, sha, fma

Memory: 4k page, system-wide physical 16108M (3463M free)
TotalPageFile size 16108M (AvailPageFile size 2M)
current process WorkingSet (physical memory assigned to process): 227M, peak: 227M
current process commit charge ("private bytes"): 418M, peak: 419M

vm_info: OpenJDK 64-Bit Server VM (11.0.17+8-LTS) for windows-amd64 JRE (11.0.17+8-LTS), built on Oct 14 2022 18:02:01 by "Administrator" with MS VC++ 15.9 (VS2017)

END.
